  [1m[35m (9.3ms)[0m  [1m[34mSELECT sqlite_version(*)[0m
  [1m[35m (157.6ms)[0m  [1m[35mCREATE TABLE "schema_migrations" ("version" varchar NOT NULL PRIMARY KEY)[0m
  [1m[35m (179.3ms)[0m  [1m[35mCREATE TABLE "ar_internal_metadata" ("key" varchar NOT NULL PRIMARY KEY, "value" varchar, "created_at" datetime(6) NOT NULL, "updated_at" datetime(6) NOT NULL)[0m
  [1m[35m (0.4ms)[0m  [1m[34mSELECT "schema_migrations"."version" FROM "schema_migrations" ORDER BY "schema_migrations"."version" ASC[0m
Migrating to CreateUsers (20200218175859)
  [1m[35m (0.1ms)[0m  [1m[36mbegin transaction[0m
  [1m[35m (0.8ms)[0m  [1m[35mCREATE TABLE "users" ("id" integer PRIMARY KEY AUTOINCREMENT NOT NULL, "last_name" varchar, "first_name" varchar, "created_at" datetime(6) NOT NULL, "updated_at" datetime(6) NOT NULL)[0m
  [1m[36mprimary::SchemaMigration Create (0.2ms)[0m  [1m[32mINSERT INTO "schema_migrations" ("version") VALUES (?)[0m  [["version", "20200218175859"]]
  [1m[35m (188.1ms)[0m  [1m[36mcommit transaction[0m
Migrating to CreatePhotos (20200218180147)
  [1m[35m (0.1ms)[0m  [1m[36mbegin transaction[0m
  [1m[35m (1.1ms)[0m  [1m[35mCREATE TABLE "photos" ("id" integer PRIMARY KEY AUTOINCREMENT NOT NULL, "user_id" integer, "date_time" date, "file_name" varchar, "created_at" datetime(6) NOT NULL, "updated_at" datetime(6) NOT NULL)[0m
  [1m[36mprimary::SchemaMigration Create (0.3ms)[0m  [1m[32mINSERT INTO "schema_migrations" ("version") VALUES (?)[0m  [["version", "20200218180147"]]
  [1m[35m (185.8ms)[0m  [1m[36mcommit transaction[0m
Migrating to CreateComments (20200218180310)
  [1m[35m (0.1ms)[0m  [1m[36mbegin transaction[0m
  [1m[35m (2.1ms)[0m  [1m[35mCREATE TABLE "comments" ("id" integer PRIMARY KEY AUTOINCREMENT NOT NULL, "user_id" integer, "photo_id" integer, "date_time" date, "comment_text" text, "created_at" datetime(6) NOT NULL, "updated_at" datetime(6) NOT NULL)[0m
  [1m[36mprimary::SchemaMigration Create (0.3ms)[0m  [1m[32mINSERT INTO "schema_migrations" ("version") VALUES (?)[0m  [["version", "20200218180310"]]
  [1m[35m (220.4ms)[0m  [1m[36mcommit transaction[0m
Migrating to LoadData (20200218180423)
  [1m[35m (2.4ms)[0m  [1m[34mSELECT sqlite_version(*)[0m
  [1m[35m (0.2ms)[0m  [1m[34mSELECT "schema_migrations"."version" FROM "schema_migrations" ORDER BY "schema_migrations"."version" ASC[0m
Migrating to LoadData (20200218180423)
  [1m[35m (0.1ms)[0m  [1m[36mbegin transaction[0m
  [1m[36mComment Destroy (0.5ms)[0m  [1m[31mDELETE FROM "comments"[0m
  [1m[36mPhoto Destroy (0.1ms)[0m  [1m[31mDELETE FROM "photos"[0m
  [1m[36mUser Destroy (0.1ms)[0m  [1m[31mDELETE FROM "users"[0m
  [1m[36mUser Create (0.2ms)[0m  [1m[32mINSERT INTO "users" ("last_name", "first_name", "created_at", "updated_at") VALUES (?, ?, ?, ?)[0m  [["last_name", "Bieber"], ["first_name", "Justin"], ["created_at", "2020-02-18 18:09:12.385874"], ["updated_at", "2020-02-18 18:09:12.385874"]]
  [1m[36mUser Create (0.1ms)[0m  [1m[32mINSERT INTO "users" ("last_name", "first_name", "created_at", "updated_at") VALUES (?, ?, ?, ?)[0m  [["last_name", "Hilton"], ["first_name", "Paris"], ["created_at", "2020-02-18 18:09:12.387683"], ["updated_at", "2020-02-18 18:09:12.387683"]]
  [1m[36mUser Create (0.1ms)[0m  [1m[32mINSERT INTO "users" ("last_name", "first_name", "created_at", "updated_at") VALUES (?, ?, ?, ?)[0m  [["last_name", "Trainor"], ["first_name", "Megan"], ["created_at", "2020-02-18 18:09:12.388896"], ["updated_at", "2020-02-18 18:09:12.388896"]]
  [1m[36mUser Create (0.1ms)[0m  [1m[32mINSERT INTO "users" ("last_name", "first_name", "created_at", "updated_at") VALUES (?, ?, ?, ?)[0m  [["last_name", "Obama"], ["first_name", "Barack"], ["created_at", "2020-02-18 18:09:12.390131"], ["updated_at", "2020-02-18 18:09:12.390131"]]
  [1m[36mUser Create (0.1ms)[0m  [1m[32mINSERT INTO "users" ("last_name", "first_name", "created_at", "updated_at") VALUES (?, ?, ?, ?)[0m  [["last_name", "Claus"], ["first_name", "Santa"], ["created_at", "2020-02-18 18:09:12.391266"], ["updated_at", "2020-02-18 18:09:12.391266"]]
  [1m[36mUser Create (0.1ms)[0m  [1m[32mINSERT INTO "users" ("last_name", "first_name", "created_at", "updated_at") VALUES (?, ?, ?, ?)[0m  [["last_name", "Ousterhout"], ["first_name", "John"], ["created_at", "2020-02-18 18:09:12.392441"], ["updated_at", "2020-02-18 18:09:12.392441"]]
  [1m[35m (0.8ms)[0m  [1m[31mrollback transaction[0m
  [1m[35m (2.3ms)[0m  [1m[34mSELECT sqlite_version(*)[0m
  [1m[35m (0.2ms)[0m  [1m[34mSELECT "schema_migrations"."version" FROM "schema_migrations" ORDER BY "schema_migrations"."version" ASC[0m
Migrating to LoadData (20200218180423)
  [1m[35m (0.1ms)[0m  [1m[36mbegin transaction[0m
  [1m[36mComment Destroy (0.5ms)[0m  [1m[31mDELETE FROM "comments"[0m
  [1m[36mPhoto Destroy (0.1ms)[0m  [1m[31mDELETE FROM "photos"[0m
  [1m[36mUser Destroy (0.1ms)[0m  [1m[31mDELETE FROM "users"[0m
  [1m[36mUser Create (0.2ms)[0m  [1m[32mINSERT INTO "users" ("last_name", "first_name", "created_at", "updated_at") VALUES (?, ?, ?, ?)[0m  [["last_name", "Bieber"], ["first_name", "Justin"], ["created_at", "2020-02-18 18:12:28.662349"], ["updated_at", "2020-02-18 18:12:28.662349"]]
  [1m[36mUser Create (0.1ms)[0m  [1m[32mINSERT INTO "users" ("last_name", "first_name", "created_at", "updated_at") VALUES (?, ?, ?, ?)[0m  [["last_name", "Hilton"], ["first_name", "Paris"], ["created_at", "2020-02-18 18:12:28.664273"], ["updated_at", "2020-02-18 18:12:28.664273"]]
  [1m[36mUser Create (0.1ms)[0m  [1m[32mINSERT INTO "users" ("last_name", "first_name", "created_at", "updated_at") VALUES (?, ?, ?, ?)[0m  [["last_name", "Trainor"], ["first_name", "Megan"], ["created_at", "2020-02-18 18:12:28.665948"], ["updated_at", "2020-02-18 18:12:28.665948"]]
  [1m[36mUser Create (0.1ms)[0m  [1m[32mINSERT INTO "users" ("last_name", "first_name", "created_at", "updated_at") VALUES (?, ?, ?, ?)[0m  [["last_name", "Obama"], ["first_name", "Barack"], ["created_at", "2020-02-18 18:12:28.667504"], ["updated_at", "2020-02-18 18:12:28.667504"]]
  [1m[36mUser Create (0.1ms)[0m  [1m[32mINSERT INTO "users" ("last_name", "first_name", "created_at", "updated_at") VALUES (?, ?, ?, ?)[0m  [["last_name", "Claus"], ["first_name", "Santa"], ["created_at", "2020-02-18 18:12:28.668919"], ["updated_at", "2020-02-18 18:12:28.668919"]]
  [1m[36mUser Create (0.2ms)[0m  [1m[32mINSERT INTO "users" ("last_name", "first_name", "created_at", "updated_at") VALUES (?, ?, ?, ?)[0m  [["last_name", "Ousterhout"], ["first_name", "John"], ["created_at", "2020-02-18 18:12:28.670253"], ["updated_at", "2020-02-18 18:12:28.670253"]]
  [1m[36mPhoto Create (0.4ms)[0m  [1m[32mINSERT INTO "photos" ("user_id", "date_time", "file_name", "created_at", "updated_at") VALUES (?, ?, ?, ?, ?)[0m  [["user_id", 6], ["date_time", "2012-08-30"], ["file_name", "ouster.jpg"], ["created_at", "2020-02-18 18:12:28.767155"], ["updated_at", "2020-02-18 18:12:28.767155"]]
  [1m[36mPhoto Create (0.4ms)[0m  [1m[32mINSERT INTO "photos" ("user_id", "date_time", "file_name", "created_at", "updated_at") VALUES (?, ?, ?, ?, ?)[0m  [["user_id", 1], ["date_time", "2009-09-13"], ["file_name", "bieber1.jpg"], ["created_at", "2020-02-18 18:12:28.798457"], ["updated_at", "2020-02-18 18:12:28.798457"]]
  [1m[36mPhoto Create (0.4ms)[0m  [1m[32mINSERT INTO "photos" ("user_id", "date_time", "file_name", "created_at", "updated_at") VALUES (?, ?, ?, ?, ?)[0m  [["user_id", 1], ["date_time", "2009-09-13"], ["file_name", "bieber2.jpg"], ["created_at", "2020-02-18 18:12:28.804195"], ["updated_at", "2020-02-18 18:12:28.804195"]]
  [1m[36mPhoto Create (0.4ms)[0m  [1m[32mINSERT INTO "photos" ("user_id", "date_time", "file_name", "created_at", "updated_at") VALUES (?, ?, ?, ?, ?)[0m  [["user_id", 2], ["date_time", "2013-11-18"], ["file_name", "hilton1.jpg"], ["created_at", "2020-02-18 18:12:28.809995"], ["updated_at", "2020-02-18 18:12:28.809995"]]
  [1m[36mPhoto Create (0.2ms)[0m  [1m[32mINSERT INTO "photos" ("user_id", "date_time", "file_name", "created_at", "updated_at") VALUES (?, ?, ?, ?, ?)[0m  [["user_id", 2], ["date_time", "2013-09-20"], ["file_name", "hilton2.jpg"], ["created_at", "2020-02-18 18:12:28.813786"], ["updated_at", "2020-02-18 18:12:28.813786"]]
  [1m[36mPhoto Create (0.2ms)[0m  [1m[32mINSERT INTO "photos" ("user_id", "date_time", "file_name", "created_at", "updated_at") VALUES (?, ?, ?, ?, ?)[0m  [["user_id", 4], ["date_time", "2009-07-10"], ["file_name", "obama1.jpg"], ["created_at", "2020-02-18 18:12:28.816543"], ["updated_at", "2020-02-18 18:12:28.816543"]]
  [1m[36mPhoto Create (0.2ms)[0m  [1m[32mINSERT INTO "photos" ("user_id", "date_time", "file_name", "created_at", "updated_at") VALUES (?, ?, ?, ?, ?)[0m  [["user_id", 4], ["date_time", "2010-03-18"], ["file_name", "obama2.jpg"], ["created_at", "2020-02-18 18:12:28.818927"], ["updated_at", "2020-02-18 18:12:28.818927"]]
  [1m[36mPhoto Create (0.2ms)[0m  [1m[32mINSERT INTO "photos" ("user_id", "date_time", "file_name", "created_at", "updated_at") VALUES (?, ?, ?, ?, ?)[0m  [["user_id", 4], ["date_time", "2010-08-30"], ["file_name", "obama3.jpg"], ["created_at", "2020-02-18 18:12:28.821173"], ["updated_at", "2020-02-18 18:12:28.821173"]]
  [1m[36mPhoto Create (0.2ms)[0m  [1m[32mINSERT INTO "photos" ("user_id", "date_time", "file_name", "created_at", "updated_at") VALUES (?, ?, ?, ?, ?)[0m  [["user_id", 3], ["date_time", "2013-12-03"], ["file_name", "megan1.jpg"], ["created_at", "2020-02-18 18:12:28.823962"], ["updated_at", "2020-02-18 18:12:28.823962"]]
  [1m[36mPhoto Create (0.2ms)[0m  [1m[32mINSERT INTO "photos" ("user_id", "date_time", "file_name", "created_at", "updated_at") VALUES (?, ?, ?, ?, ?)[0m  [["user_id", 3], ["date_time", "2013-12-03"], ["file_name", "megan2.jpg"], ["created_at", "2020-02-18 18:12:28.826228"], ["updated_at", "2020-02-18 18:12:28.826228"]]
  [1m[36mPhoto Create (0.2ms)[0m  [1m[32mINSERT INTO "photos" ("user_id", "date_time", "file_name", "created_at", "updated_at") VALUES (?, ?, ?, ?, ?)[0m  [["user_id", 5], ["date_time", "2013-09-04"], ["file_name", "santa1.jpg"], ["created_at", "2020-02-18 18:12:28.828409"], ["updated_at", "2020-02-18 18:12:28.828409"]]
  [1m[36mPhoto Create (0.1ms)[0m  [1m[32mINSERT INTO "photos" ("user_id", "date_time", "file_name", "created_at", "updated_at") VALUES (?, ?, ?, ?, ?)[0m  [["user_id", 4], ["date_time", "2013-10-16"], ["file_name", "obama4.jpg"], ["created_at", "2020-02-18 18:12:28.830492"], ["updated_at", "2020-02-18 18:12:28.830492"]]
  [1m[36mComment Create (0.2ms)[0m  [1m[32mINSERT INTO "comments" ("user_id", "photo_id", "date_time", "comment_text", "created_at", "updated_at") VALUES (?, ?, ?, ?, ?, ?)[0m  [["user_id", 6], ["photo_id", 1], ["date_time", "2012-09-02"], ["comment_text", "Learning new programming languages is hard..."], ["created_at", "2020-02-18 18:12:28.840514"], ["updated_at", "2020-02-18 18:12:28.840514"]]
  [1m[36mComment Create (0.1ms)[0m  [1m[32mINSERT INTO "comments" ("user_id", "photo_id", "date_time", "comment_text", "created_at", "updated_at") VALUES (?, ?, ?, ?, ?, ?)[0m  [["user_id", 6], ["photo_id", 1], ["date_time", "2013-09-06"], ["comment_text", "This is another comment, with a bit more text; if the text gets long enough, does it wrap properly from line to line?"], ["created_at", "2020-02-18 18:12:28.844384"], ["updated_at", "2020-02-18 18:12:28.844384"]]
  [1m[36mComment Create (0.2ms)[0m  [1m[32mINSERT INTO "comments" ("user_id", "photo_id", "date_time", "comment_text", "created_at", "updated_at") VALUES (?, ?, ?, ?, ?, ?)[0m  [["user_id", 6], ["photo_id", 1], ["date_time", "2013-09-08"], ["comment_text", "If you see this text in <b>boldface</b> then HTML escaping isn't working properly."], ["created_at", "2020-02-18 18:12:28.848545"], ["updated_at", "2020-02-18 18:12:28.848545"]]
  [1m[36mComment Create (0.1ms)[0m  [1m[32mINSERT INTO "comments" ("user_id", "photo_id", "date_time", "comment_text", "created_at", "updated_at") VALUES (?, ?, ?, ?, ?, ?)[0m  [["user_id", 1], ["photo_id", 2], ["date_time", "2009-09-14"], ["comment_text", "No, people, she is *not* my mom.  She's my date."], ["created_at", "2020-02-18 18:12:28.852114"], ["updated_at", "2020-02-18 18:12:28.852114"]]
  [1m[36mComment Create (0.1ms)[0m  [1m[32mINSERT INTO "comments" ("user_id", "photo_id", "date_time", "comment_text", "created_at", "updated_at") VALUES (?, ?, ?, ?, ?, ?)[0m  [["user_id", 6], ["photo_id", 5], ["date_time", "2013-11-28"], ["comment_text", "I came up with lots of comments for this photo, but unfortunately none of them are printable."], ["created_at", "2020-02-18 18:12:28.856368"], ["updated_at", "2020-02-18 18:12:28.856368"]]
  [1m[36mComment Create (0.1ms)[0m  [1m[32mINSERT INTO "comments" ("user_id", "photo_id", "date_time", "comment_text", "created_at", "updated_at") VALUES (?, ?, ?, ?, ?, ?)[0m  [["user_id", 2], ["photo_id", 7], ["date_time", "2013-11-02"], ["comment_text", "Hey Barack, great form! Can u give me some bowling tips? xxoo Paris"], ["created_at", "2020-02-18 18:12:28.859872"], ["updated_at", "2020-02-18 18:12:28.859872"]]
  [1m[36mComment Create (0.1ms)[0m  [1m[32mINSERT INTO "comments" ("user_id", "photo_id", "date_time", "comment_text", "created_at", "updated_at") VALUES (?, ?, ?, ?, ?, ?)[0m  [["user_id", 4], ["photo_id", 7], ["date_time", "2013-11-02"], ["comment_text", "Sure, let's get together when Lindsay gets out of rehab and I get healthcare.gov working."], ["created_at", "2020-02-18 18:12:28.864293"], ["updated_at", "2020-02-18 18:12:28.864293"]]
  [1m[36mComment Create (0.1ms)[0m  [1m[32mINSERT INTO "comments" ("user_id", "photo_id", "date_time", "comment_text", "created_at", "updated_at") VALUES (?, ?, ?, ?, ?, ?)[0m  [["user_id", 4], ["photo_id", 8], ["date_time", "2010-09-06"], ["comment_text", "We're off to a Justin Bieber concert"], ["created_at", "2020-02-18 18:12:28.867477"], ["updated_at", "2020-02-18 18:12:28.867477"]]
  [1m[36mComment Create (0.1ms)[0m  [1m[32mINSERT INTO "comments" ("user_id", "photo_id", "date_time", "comment_text", "created_at", "updated_at") VALUES (?, ?, ?, ?, ?, ?)[0m  [["user_id", 4], ["photo_id", 12], ["date_time", "2013-10-16"], ["comment_text", "He kept trying to tell me that healthcare.gov is fixed, but I could see as plain as day that they forgot a </div>. Can anyone tell me why we're building this site in Java instead of Rails?"], ["created_at", "2020-02-18 18:12:28.871060"], ["updated_at", "2020-02-18 18:12:28.871060"]]
  [1m[36mComment Create (0.1ms)[0m  [1m[32mINSERT INTO "comments" ("user_id", "photo_id", "date_time", "comment_text", "created_at", "updated_at") VALUES (?, ?, ?, ?, ?, ?)[0m  [["user_id", 3], ["photo_id", 10], ["date_time", "2013-12-04"], ["comment_text", "To all my fans, I just want to say how Iam all about that base."], ["created_at", "2020-02-18 18:12:28.873874"], ["updated_at", "2020-02-18 18:12:28.873874"]]
  [1m[36mComment Create (0.1ms)[0m  [1m[32mINSERT INTO "comments" ("user_id", "photo_id", "date_time", "comment_text", "created_at", "updated_at") VALUES (?, ?, ?, ?, ?, ?)[0m  [["user_id", 5], ["photo_id", 11], ["date_time", "2013-09-04"], ["comment_text", "I'm going to be watching how well you do in CS 6320!"], ["created_at", "2020-02-18 18:12:28.877052"], ["updated_at", "2020-02-18 18:12:28.877052"]]
  [1m[36mprimary::SchemaMigration Create (0.2ms)[0m  [1m[32mINSERT INTO "schema_migrations" ("version") VALUES (?)[0m  [["version", "20200218180423"]]
  [1m[35m (125.7ms)[0m  [1m[36mcommit transaction[0m
  [1m[36mActiveRecord::InternalMetadata Load (0.5ms)[0m  [1m[34mSELECT "ar_internal_metadata".* FROM "ar_internal_metadata" WHERE "ar_internal_metadata"."key" = ? LIMIT ?[0m  [["key", "environment"], ["LIMIT", 1]]
  [1m[35m (0.1ms)[0m  [1m[36mbegin transaction[0m
  [1m[36mActiveRecord::InternalMetadata Create (0.8ms)[0m  [1m[32mINSERT INTO "ar_internal_metadata" ("key", "value", "created_at", "updated_at") VALUES (?, ?, ?, ?)[0m  [["key", "environment"], ["value", "development"], ["created_at", "2020-02-18 18:12:29.091320"], ["updated_at", "2020-02-18 18:12:29.091320"]]
  [1m[35m (141.9ms)[0m  [1m[36mcommit transaction[0m
  [1m[35m (0.2ms)[0m  [1m[34mSELECT sqlite_version(*)[0m
  [1m[35m (0.6ms)[0m  [1m[34mSELECT "schema_migrations"."version" FROM "schema_migrations" ORDER BY "schema_migrations"."version" ASC[0m
Started GET "/say/hello" for ::1 at 2020-02-18 10:20:43 -0800
  [1m[35m (2.5ms)[0m  [1m[34mSELECT sqlite_version(*)[0m
  [1m[35m (0.2ms)[0m  [1m[34mSELECT "schema_migrations"."version" FROM "schema_migrations" ORDER BY "schema_migrations"."version" ASC[0m
  
ActionController::RoutingError (No route matches [GET] "/say/hello"):
  
actionpack (6.0.2.1) lib/action_dispatch/middleware/debug_exceptions.rb:36:in `call'
web-console (4.0.1) lib/web_console/middleware.rb:132:in `call_app'
web-console (4.0.1) lib/web_console/middleware.rb:28:in `block in call'
web-console (4.0.1) lib/web_console/middleware.rb:17:in `catch'
web-console (4.0.1) lib/web_console/middleware.rb:17:in `call'
actionpack (6.0.2.1) lib/action_dispatch/middleware/show_exceptions.rb:33:in `call'
railties (6.0.2.1) lib/rails/rack/logger.rb:38:in `call_app'
railties (6.0.2.1) lib/rails/rack/logger.rb:26:in `block in call'
activesupport (6.0.2.1) lib/active_support/tagged_logging.rb:80:in `block in tagged'
activesupport (6.0.2.1) lib/active_support/tagged_logging.rb:28:in `tagged'
activesupport (6.0.2.1) lib/active_support/tagged_logging.rb:80:in `tagged'
railties (6.0.2.1) lib/rails/rack/logger.rb:26:in `call'
sprockets-rails (3.2.1) lib/sprockets/rails/quiet_assets.rb:13:in `call'
actionpack (6.0.2.1) lib/action_dispatch/middleware/remote_ip.rb:81:in `call'
actionpack (6.0.2.1) lib/action_dispatch/middleware/request_id.rb:27:in `call'
rack (2.2.2) lib/rack/method_override.rb:24:in `call'
rack (2.2.2) lib/rack/runtime.rb:22:in `call'
activesupport (6.0.2.1) lib/active_support/cache/strategy/local_cache_middleware.rb:29:in `call'
actionpack (6.0.2.1) lib/action_dispatch/middleware/executor.rb:14:in `call'
actionpack (6.0.2.1) lib/action_dispatch/middleware/static.rb:126:in `call'
rack (2.2.2) lib/rack/sendfile.rb:110:in `call'
actionpack (6.0.2.1) lib/action_dispatch/middleware/host_authorization.rb:83:in `call'
webpacker (4.2.2) lib/webpacker/dev_server_proxy.rb:23:in `perform_request'
rack-proxy (0.6.5) lib/rack/proxy.rb:57:in `call'
railties (6.0.2.1) lib/rails/engine.rb:526:in `call'
puma (4.3.1) lib/puma/configuration.rb:228:in `call'
puma (4.3.1) lib/puma/server.rb:681:in `handle_request'
puma (4.3.1) lib/puma/server.rb:472:in `process_client'
puma (4.3.1) lib/puma/server.rb:328:in `block in run'
puma (4.3.1) lib/puma/thread_pool.rb:134:in `block in spawn_thread'
Started GET "/" for ::1 at 2020-02-18 10:20:45 -0800
Processing by Rails::WelcomeController#index as HTML
  Rendering C:/Ruby26-x64/lib/ruby/gems/2.6.0/gems/railties-6.0.2.1/lib/rails/templates/rails/welcome/index.html.erb
  Rendered C:/Ruby26-x64/lib/ruby/gems/2.6.0/gems/railties-6.0.2.1/lib/rails/templates/rails/welcome/index.html.erb (Duration: 50.9ms | Allocations: 190)
Completed 200 OK in 65ms (Views: 62.7ms | ActiveRecord: 0.0ms | Allocations: 973)


Started GET "/user/index" for ::1 at 2020-02-18 10:20:52 -0800
Processing by UserController#index as HTML
  Rendering user/index.html.erb within layouts/application
  [1m[36mUser Load (0.2ms)[0m  [1m[34mSELECT "users".* FROM "users"[0m
  ↳ app/views/user/index.html.erb:8
  Rendered user/index.html.erb within layouts/application (Duration: 10.5ms | Allocations: 5065)
[Webpacker] Compiling...
[Webpacker] Compiled all packs in C:/Users/Sungmin/RubymineProjects/Photosite/public/packs
[Webpacker] Hash: 32e57f147dbdcbbf0c82
Version: webpack 4.41.6
Time: 3066ms
Built at: 02/18/2020 10:21:00 AM
                                     Asset       Size       Chunks                         Chunk Names
    js/application-bbe9c4a129ab949e0636.js    124 KiB  application  [emitted] [immutable]  application
js/application-bbe9c4a129ab949e0636.js.map    139 KiB  application  [emitted] [dev]        application
                             manifest.json  364 bytes               [emitted]              
Entrypoint application = js/application-bbe9c4a129ab949e0636.js js/application-bbe9c4a129ab949e0636.js.map
[./app/javascript/channels sync recursive _channel\.js$] ./app/javascript/channels sync _channel\.js$ 160 bytes {application} [built]
[./app/javascript/channels/index.js] 211 bytes {application} [built]
[./app/javascript/packs/application.js] 749 bytes {application} [built]
[./node_modules/webpack/buildin/module.js] (webpack)/buildin/module.js 552 bytes {application} [built]
    + 3 hidden modules

Completed 200 OK in 7584ms (Views: 7566.6ms | ActiveRecord: 1.4ms | Allocations: 38117)


Started GET "/photo/1" for ::1 at 2020-02-18 10:28:29 -0800
  [1m[35m (0.1ms)[0m  [1m[34mSELECT sqlite_version(*)[0m
  
ActionController::RoutingError (No route matches [GET] "/photo/1"):
  
actionpack (6.0.2.1) lib/action_dispatch/middleware/debug_exceptions.rb:36:in `call'
web-console (4.0.1) lib/web_console/middleware.rb:132:in `call_app'
web-console (4.0.1) lib/web_console/middleware.rb:28:in `block in call'
web-console (4.0.1) lib/web_console/middleware.rb:17:in `catch'
web-console (4.0.1) lib/web_console/middleware.rb:17:in `call'
actionpack (6.0.2.1) lib/action_dispatch/middleware/show_exceptions.rb:33:in `call'
railties (6.0.2.1) lib/rails/rack/logger.rb:38:in `call_app'
railties (6.0.2.1) lib/rails/rack/logger.rb:26:in `block in call'
activesupport (6.0.2.1) lib/active_support/tagged_logging.rb:80:in `block in tagged'
activesupport (6.0.2.1) lib/active_support/tagged_logging.rb:28:in `tagged'
activesupport (6.0.2.1) lib/active_support/tagged_logging.rb:80:in `tagged'
railties (6.0.2.1) lib/rails/rack/logger.rb:26:in `call'
sprockets-rails (3.2.1) lib/sprockets/rails/quiet_assets.rb:13:in `call'
actionpack (6.0.2.1) lib/action_dispatch/middleware/remote_ip.rb:81:in `call'
actionpack (6.0.2.1) lib/action_dispatch/middleware/request_id.rb:27:in `call'
rack (2.2.2) lib/rack/method_override.rb:24:in `call'
rack (2.2.2) lib/rack/runtime.rb:22:in `call'
activesupport (6.0.2.1) lib/active_support/cache/strategy/local_cache_middleware.rb:29:in `call'
actionpack (6.0.2.1) lib/action_dispatch/middleware/executor.rb:14:in `call'
actionpack (6.0.2.1) lib/action_dispatch/middleware/static.rb:126:in `call'
rack (2.2.2) lib/rack/sendfile.rb:110:in `call'
actionpack (6.0.2.1) lib/action_dispatch/middleware/host_authorization.rb:83:in `call'
webpacker (4.2.2) lib/webpacker/dev_server_proxy.rb:23:in `perform_request'
rack-proxy (0.6.5) lib/rack/proxy.rb:57:in `call'
railties (6.0.2.1) lib/rails/engine.rb:526:in `call'
puma (4.3.1) lib/puma/configuration.rb:228:in `call'
puma (4.3.1) lib/puma/server.rb:681:in `handle_request'
puma (4.3.1) lib/puma/server.rb:472:in `process_client'
puma (4.3.1) lib/puma/server.rb:328:in `block in run'
puma (4.3.1) lib/puma/thread_pool.rb:134:in `block in spawn_thread'
Started GET "/photo/index/1" for ::1 at 2020-02-18 10:28:44 -0800
Processing by PhotoController#show as HTML
  Parameters: {"user_id"=>"1"}
  [1m[36mUser Load (0.4ms)[0m  [1m[34mSELECT "users".* FROM "users" WHERE "users"."id" = ? LIMIT ?[0m  [["id", 1], ["LIMIT", 1]]
  ↳ app/controllers/photo_controller.rb:3:in `show'
  Rendering photo/user_photos.html.erb within layouts/application
  [1m[36mPhoto Load (0.2ms)[0m  [1m[34mSELECT "photos".* FROM "photos" WHERE "photos"."user_id" = ?[0m  [["user_id", 1]]
  ↳ app/views/photo/user_photos.html.erb:10
  [1m[36mComment Load (0.3ms)[0m  [1m[34mSELECT "comments".* FROM "comments" WHERE "comments"."id" = ? LIMIT ?[0m  [["id", 2], ["LIMIT", 1]]
  ↳ app/views/photo/user_photos.html.erb:15
  [1m[36mCACHE Comment Load (0.0ms)[0m  [1m[34mSELECT "comments".* FROM "comments" WHERE "comments"."id" = ? LIMIT ?[0m  [["id", 2], ["LIMIT", 1]]
  ↳ app/views/photo/user_photos.html.erb:16
  [1m[36mUser Load (0.2ms)[0m  [1m[34mSELECT "users".* FROM "users" WHERE "users"."id" = ? LIMIT ?[0m  [["id", 6], ["LIMIT", 1]]
  ↳ app/views/photo/user_photos.html.erb:16
  [1m[36mComment Load (0.5ms)[0m  [1m[34mSELECT "comments".* FROM "comments" WHERE "comments"."id" = ? LIMIT ?[0m  [["id", 3], ["LIMIT", 1]]
  ↳ app/views/photo/user_photos.html.erb:15
  [1m[36mCACHE Comment Load (0.0ms)[0m  [1m[34mSELECT "comments".* FROM "comments" WHERE "comments"."id" = ? LIMIT ?[0m  [["id", 3], ["LIMIT", 1]]
  ↳ app/views/photo/user_photos.html.erb:16
  [1m[36mCACHE User Load (0.0ms)[0m  [1m[34mSELECT "users".* FROM "users" WHERE "users"."id" = ? LIMIT ?[0m  [["id", 6], ["LIMIT", 1]]
  ↳ app/views/photo/user_photos.html.erb:16
  Rendered photo/user_photos.html.erb within layouts/application (Duration: 84.9ms | Allocations: 16722)
[Webpacker] Everything's up-to-date. Nothing to do
Completed 200 OK in 372ms (Views: 197.2ms | ActiveRecord: 5.0ms | Allocations: 40943)


Started GET "/photo/index/6" for ::1 at 2020-02-18 10:29:02 -0800
Processing by PhotoController#show as HTML
  Parameters: {"user_id"=>"6"}
  [1m[36mUser Load (0.3ms)[0m  [1m[34mSELECT "users".* FROM "users" WHERE "users"."id" = ? LIMIT ?[0m  [["id", 6], ["LIMIT", 1]]
  ↳ app/controllers/photo_controller.rb:3:in `show'
  Rendering photo/user_photos.html.erb within layouts/application
  [1m[36mPhoto Load (0.2ms)[0m  [1m[34mSELECT "photos".* FROM "photos" WHERE "photos"."user_id" = ?[0m  [["user_id", 6]]
  ↳ app/views/photo/user_photos.html.erb:10
  [1m[36mComment Load (0.2ms)[0m  [1m[34mSELECT "comments".* FROM "comments" WHERE "comments"."id" = ? LIMIT ?[0m  [["id", 1], ["LIMIT", 1]]
  ↳ app/views/photo/user_photos.html.erb:15
  [1m[36mCACHE Comment Load (0.0ms)[0m  [1m[34mSELECT "comments".* FROM "comments" WHERE "comments"."id" = ? LIMIT ?[0m  [["id", 1], ["LIMIT", 1]]
  ↳ app/views/photo/user_photos.html.erb:16
  [1m[36mUser Load (0.2ms)[0m  [1m[34mSELECT "users".* FROM "users" WHERE "users"."id" = ? LIMIT ?[0m  [["id", 6], ["LIMIT", 1]]
  ↳ app/views/photo/user_photos.html.erb:16
  Rendered photo/user_photos.html.erb within layouts/application (Duration: 22.9ms | Allocations: 3240)
[Webpacker] Everything's up-to-date. Nothing to do
Completed 200 OK in 80ms (Views: 70.9ms | ActiveRecord: 1.0ms | Allocations: 8221)


Started GET "/say/hello" for ::1 at 2020-02-18 10:54:37 -0800
  [1m[35m (0.1ms)[0m  [1m[34mSELECT sqlite_version(*)[0m
  
ActionController::RoutingError (No route matches [GET] "/say/hello"):
  
actionpack (6.0.2.1) lib/action_dispatch/middleware/debug_exceptions.rb:36:in `call'
web-console (4.0.1) lib/web_console/middleware.rb:132:in `call_app'
web-console (4.0.1) lib/web_console/middleware.rb:28:in `block in call'
web-console (4.0.1) lib/web_console/middleware.rb:17:in `catch'
web-console (4.0.1) lib/web_console/middleware.rb:17:in `call'
actionpack (6.0.2.1) lib/action_dispatch/middleware/show_exceptions.rb:33:in `call'
railties (6.0.2.1) lib/rails/rack/logger.rb:38:in `call_app'
railties (6.0.2.1) lib/rails/rack/logger.rb:26:in `block in call'
activesupport (6.0.2.1) lib/active_support/tagged_logging.rb:80:in `block in tagged'
activesupport (6.0.2.1) lib/active_support/tagged_logging.rb:28:in `tagged'
activesupport (6.0.2.1) lib/active_support/tagged_logging.rb:80:in `tagged'
railties (6.0.2.1) lib/rails/rack/logger.rb:26:in `call'
sprockets-rails (3.2.1) lib/sprockets/rails/quiet_assets.rb:13:in `call'
actionpack (6.0.2.1) lib/action_dispatch/middleware/remote_ip.rb:81:in `call'
actionpack (6.0.2.1) lib/action_dispatch/middleware/request_id.rb:27:in `call'
rack (2.2.2) lib/rack/method_override.rb:24:in `call'
rack (2.2.2) lib/rack/runtime.rb:22:in `call'
activesupport (6.0.2.1) lib/active_support/cache/strategy/local_cache_middleware.rb:29:in `call'
actionpack (6.0.2.1) lib/action_dispatch/middleware/executor.rb:14:in `call'
actionpack (6.0.2.1) lib/action_dispatch/middleware/static.rb:126:in `call'
rack (2.2.2) lib/rack/sendfile.rb:110:in `call'
actionpack (6.0.2.1) lib/action_dispatch/middleware/host_authorization.rb:83:in `call'
webpacker (4.2.2) lib/webpacker/dev_server_proxy.rb:23:in `perform_request'
rack-proxy (0.6.5) lib/rack/proxy.rb:57:in `call'
railties (6.0.2.1) lib/rails/engine.rb:526:in `call'
puma (4.3.1) lib/puma/configuration.rb:228:in `call'
puma (4.3.1) lib/puma/server.rb:681:in `handle_request'
puma (4.3.1) lib/puma/server.rb:472:in `process_client'
puma (4.3.1) lib/puma/server.rb:328:in `block in run'
puma (4.3.1) lib/puma/thread_pool.rb:134:in `block in spawn_thread'
Started GET "/user/index" for ::1 at 2020-02-18 10:54:41 -0800
Processing by UserController#index as HTML
  Rendering user/index.html.erb within layouts/application
  [1m[36mUser Load (0.4ms)[0m  [1m[34mSELECT "users".* FROM "users"[0m
  ↳ app/views/user/index.html.erb:8
  Rendered user/index.html.erb within layouts/application (Duration: 4.2ms | Allocations: 1467)
[Webpacker] Everything's up-to-date. Nothing to do
Completed 200 OK in 53ms (Views: 50.9ms | ActiveRecord: 0.4ms | Allocations: 6614)


Started GET "/photo/index/1" for ::1 at 2020-02-18 10:57:24 -0800
Processing by PhotoController#show as HTML
  Parameters: {"user_id"=>"1"}
  [1m[36mUser Load (0.3ms)[0m  [1m[34mSELECT "users".* FROM "users" WHERE "users"."id" = ? LIMIT ?[0m  [["id", 1], ["LIMIT", 1]]
  ↳ app/controllers/photo_controller.rb:3:in `show'
  Rendering photo/user_photos.html.erb within layouts/application
  [1m[36mPhoto Load (0.3ms)[0m  [1m[34mSELECT "photos".* FROM "photos" WHERE "photos"."user_id" = ?[0m  [["user_id", 1]]
  ↳ app/views/photo/user_photos.html.erb:10
  [1m[36mComment Load (0.8ms)[0m  [1m[34mSELECT "comments".* FROM "comments" WHERE "comments"."id" = ? LIMIT ?[0m  [["id", 2], ["LIMIT", 1]]
  ↳ app/views/photo/user_photos.html.erb:15
  [1m[36mCACHE Comment Load (0.1ms)[0m  [1m[34mSELECT "comments".* FROM "comments" WHERE "comments"."id" = ? LIMIT ?[0m  [["id", 2], ["LIMIT", 1]]
  ↳ app/views/photo/user_photos.html.erb:16
  [1m[36mUser Load (0.2ms)[0m  [1m[34mSELECT "users".* FROM "users" WHERE "users"."id" = ? LIMIT ?[0m  [["id", 6], ["LIMIT", 1]]
  ↳ app/views/photo/user_photos.html.erb:16
  [1m[36mComment Load (0.2ms)[0m  [1m[34mSELECT "comments".* FROM "comments" WHERE "comments"."id" = ? LIMIT ?[0m  [["id", 3], ["LIMIT", 1]]
  ↳ app/views/photo/user_photos.html.erb:15
  [1m[36mCACHE Comment Load (0.0ms)[0m  [1m[34mSELECT "comments".* FROM "comments" WHERE "comments"."id" = ? LIMIT ?[0m  [["id", 3], ["LIMIT", 1]]
  ↳ app/views/photo/user_photos.html.erb:16
  [1m[36mCACHE User Load (0.0ms)[0m  [1m[34mSELECT "users".* FROM "users" WHERE "users"."id" = ? LIMIT ?[0m  [["id", 6], ["LIMIT", 1]]
  ↳ app/views/photo/user_photos.html.erb:16
  Rendered photo/user_photos.html.erb within layouts/application (Duration: 22.4ms | Allocations: 5537)
[Webpacker] Everything's up-to-date. Nothing to do
Completed 200 OK in 63ms (Views: 54.5ms | ActiveRecord: 1.9ms | Allocations: 10507)


Started GET "/photo/index/6" for ::1 at 2020-02-18 10:57:48 -0800
Processing by PhotoController#show as HTML
  Parameters: {"user_id"=>"6"}
  [1m[36mUser Load (0.3ms)[0m  [1m[34mSELECT "users".* FROM "users" WHERE "users"."id" = ? LIMIT ?[0m  [["id", 6], ["LIMIT", 1]]
  ↳ app/controllers/photo_controller.rb:3:in `show'
  Rendering photo/user_photos.html.erb within layouts/application
  [1m[36mPhoto Load (0.3ms)[0m  [1m[34mSELECT "photos".* FROM "photos" WHERE "photos"."user_id" = ?[0m  [["user_id", 6]]
  ↳ app/views/photo/user_photos.html.erb:10
  [1m[36mComment Load (0.2ms)[0m  [1m[34mSELECT "comments".* FROM "comments" WHERE "comments"."id" = ? LIMIT ?[0m  [["id", 1], ["LIMIT", 1]]
  ↳ app/views/photo/user_photos.html.erb:15
  [1m[36mCACHE Comment Load (0.0ms)[0m  [1m[34mSELECT "comments".* FROM "comments" WHERE "comments"."id" = ? LIMIT ?[0m  [["id", 1], ["LIMIT", 1]]
  ↳ app/views/photo/user_photos.html.erb:16
  [1m[36mUser Load (0.2ms)[0m  [1m[34mSELECT "users".* FROM "users" WHERE "users"."id" = ? LIMIT ?[0m  [["id", 6], ["LIMIT", 1]]
  ↳ app/views/photo/user_photos.html.erb:16
  Rendered photo/user_photos.html.erb within layouts/application (Duration: 13.0ms | Allocations: 3198)
[Webpacker] Everything's up-to-date. Nothing to do
Completed 200 OK in 47ms (Views: 43.8ms | ActiveRecord: 1.0ms | Allocations: 8159)


